0 verbose cli D:\nodejs\node.exe D:\npm-global\node_modules\npm\bin\npm-cli.js
1 info using npm@11.13.0
2 info using node@v24.14.1
3 silly config load:file:D:\npm-global\node_modules\npm\npmrc
4 silly config load:file:D:\Personal Projects\Eduin\.npmrc
5 silly config load:file:C:\Users\srinj\.npmrc
6 silly config load:file:D:\npm-global\etc\npmrc
7 verbose title npm install @cloudflare/containers@0.3.7
8 verbose argv "install" "@cloudflare/containers@0.3.7" "--cache" ".npm-cache"
9 verbose logfile logs-max:10 dir:D:\Personal Projects\Eduin\.npm-cache\_logs\2026-07-20T17_10_42_107Z-
10 verbose logfile D:\Personal Projects\Eduin\.npm-cache\_logs\2026-07-20T17_10_42_107Z-debug-0.log
11 silly logfile done cleaning log files
12 silly packumentCache heap:4496293888 maxSize:1124073472 maxEntrySize:562036736
13 silly idealTree buildDeps
14 silly fetch manifest @cloudflare/containers@0.3.7
15 silly packumentCache full:https://registry.npmjs.org/@cloudflare%2fcontainers cache-miss
16 http fetch GET 200 https://registry.npmjs.org/@cloudflare%2fcontainers 444ms (cache miss)
17 silly packumentCache full:https://registry.npmjs.org/@cloudflare%2fcontainers set size:undefined disposed:false
18 silly placeDep ROOT @cloudflare/containers@0.3.7 OK for: eduin@1.0.0 want: 0.3.7
19 silly reify moves {}
20 silly audit bulk request {
20 silly audit   '@fast-csv/format': [ '4.3.5' ],
20 silly audit   '@fast-csv/parse': [ '4.3.6' ],
20 silly audit   '@napi-rs/canvas': [ '1.0.2' ],
20 silly audit   '@napi-rs/canvas-android-arm64': [ '1.0.2' ],
20 silly audit   '@napi-rs/canvas-darwin-arm64': [ '1.0.2' ],
20 silly audit   '@napi-rs/canvas-darwin-x64': [ '1.0.2' ],
20 silly audit   '@napi-rs/canvas-linux-arm-gnueabihf': [ '1.0.2' ],
20 silly audit   '@napi-rs/canvas-linux-arm64-gnu': [ '1.0.2' ],
20 silly audit   '@napi-rs/canvas-linux-arm64-musl': [ '1.0.2' ],
20 silly audit   '@napi-rs/canvas-linux-riscv64-gnu': [ '1.0.2' ],
20 silly audit   '@napi-rs/canvas-linux-x64-gnu': [ '1.0.2' ],
20 silly audit   '@napi-rs/canvas-linux-x64-musl': [ '1.0.2' ],
20 silly audit   '@napi-rs/canvas-win32-arm64-msvc': [ '1.0.2' ],
20 silly audit   '@napi-rs/canvas-win32-x64-msvc': [ '1.0.2' ],
20 silly audit   '@nodable/entities': [ '3.0.0' ],
20 silly audit   '@resvg/resvg-js': [ '2.6.2' ],
20 silly audit   '@resvg/resvg-js-android-arm-eabi': [ '2.6.2' ],
20 silly audit   '@resvg/resvg-js-android-arm64': [ '2.6.2' ],
20 silly audit   '@resvg/resvg-js-darwin-arm64': [ '2.6.2' ],
20 silly audit   '@resvg/resvg-js-darwin-x64': [ '2.6.2' ],
20 silly audit   '@resvg/resvg-js-linux-arm-gnueabihf': [ '2.6.2' ],
20 silly audit   '@resvg/resvg-js-linux-arm64-gnu': [ '2.6.2' ],
20 silly audit   '@resvg/resvg-js-linux-arm64-musl': [ '2.6.2' ],
20 silly audit   '@resvg/resvg-js-linux-x64-gnu': [ '2.6.2' ],
20 silly audit   '@resvg/resvg-js-linux-x64-musl': [ '2.6.2' ],
20 silly audit   '@resvg/resvg-js-win32-arm64-msvc': [ '2.6.2' ],
20 silly audit   '@resvg/resvg-js-win32-ia32-msvc': [ '2.6.2' ],
20 silly audit   '@resvg/resvg-js-win32-x64-msvc': [ '2.6.2' ],
20 silly audit   '@types/node': [ '14.18.63', '22.20.1' ],
20 silly audit   '@xmldom/xmldom': [ '0.8.13' ],
20 silly audit   accepts: [ '1.3.8' ],
20 silly audit   anynum: [ '1.0.1' ],
20 silly audit   'append-field': [ '1.0.0' ],
20 silly audit   archiver: [ '4.0.2' ],
20 silly audit   'archiver-utils': [ '2.1.0' ],
20 silly audit   'readable-stream': [ '3.6.2', '2.3.8' ],
20 silly audit   argparse: [ '1.0.10' ],
20 silly audit   'array-flatten': [ '1.1.1' ],
20 silly audit   async: [ '3.2.6' ],
20 silly audit   'balanced-match': [ '1.0.2' ],
20 silly audit   'base64-js': [ '1.5.1' ],
20 silly audit   'big-integer': [ '1.6.52' ],
20 silly audit   binary: [ '0.3.0' ],
20 silly audit   bl: [ '4.1.0' ],
20 silly audit   bluebird: [ '3.4.7' ],
20 silly audit   'bmp-js': [ '0.1.0' ],
20 silly audit   'body-parser': [ '1.20.6' ],
20 silly audit   'brace-expansion': [ '1.1.16' ],
20 silly audit   buffer: [ '5.7.1' ],
20 silly audit   'buffer-crc32': [ '0.2.13' ],
20 silly audit   'buffer-from': [ '1.1.2' ],
20 silly audit   'buffer-indexof-polyfill': [ '1.0.2' ],
20 silly audit   buffers: [ '0.1.1' ],
20 silly audit   busboy: [ '1.6.0' ],
20 silly audit   bytes: [ '3.1.2' ],
20 silly audit   'call-bind-apply-helpers': [ '1.0.2' ],
20 silly audit   'call-bound': [ '1.0.4' ],
20 silly audit   chainsaw: [ '0.1.0' ],
20 silly audit   'compress-commons': [ '3.0.0' ],
20 silly audit   'concat-map': [ '0.0.1' ],
20 silly audit   'concat-stream': [ '2.0.0' ],
20 silly audit   'content-disposition': [ '0.5.4' ],
20 silly audit   'content-type': [ '1.0.5' ],
20 silly audit   cookie: [ '0.7.2' ],
20 silly audit   'cookie-signature': [ '1.0.7' ],
20 silly audit   'core-util-is': [ '1.0.3' ],
20 silly audit   cors: [ '2.8.6' ],
20 silly audit   crc: [ '3.8.0' ],
20 silly audit   'crc32-stream': [ '3.0.1' ],
20 silly audit   dayjs: [ '1.11.21' ],
20 silly audit   debug: [ '2.6.9' ],
20 silly audit   depd: [ '2.0.0' ],
20 silly audit   destroy: [ '1.2.0' ],
20 silly audit   'dingbat-to-unicode': [ '1.0.1' ],
20 silly audit   dotenv: [ '16.6.1' ],
20 silly audit   duck: [ '0.1.12' ],
20 silly audit   'dunder-proto': [ '1.0.1' ],
20 silly audit   duplexer2: [ '0.1.4' ],
20 silly audit   'ee-first': [ '1.1.1' ],
20 silly audit   encodeurl: [ '2.0.0' ],
20 silly audit   'end-of-stream': [ '1.4.5' ],
20 silly audit   'es-define-property': [ '1.0.1' ],
20 silly audit   'es-errors': [ '1.3.0' ],
20 silly audit   'es-object-atoms': [ '1.1.2' ],
20 silly audit   'escape-html': [ '1.0.3' ],
20 silly audit   etag: [ '1.8.1' ],
20 silly audit   exceljs: [ '3.10.0' ],
20 silly audit   uuid: [ '7.0.3', '14.0.1' ],
20 silly audit   express: [ '4.22.2' ],
20 silly audit   'fast-csv': [ '4.3.6' ],
20 silly audit   'fast-xml-builder': [ '1.3.0' ],
20 silly audit   'fast-xml-parser': [ '5.10.1' ],
20 silly audit   'fill-keys': [ '1.0.2' ],
20 silly audit   finalhandler: [ '1.3.2' ],
20 silly audit   forwarded: [ '0.2.0' ],
20 silly audit   fresh: [ '0.5.2' ],
20 silly audit   'fs-constants': [ '1.0.0' ],
20 silly audit   'fs.realpath': [ '1.0.0' ],
20 silly audit   fstream: [ '1.0.12' ],
20 silly audit   'function-bind': [ '1.1.2' ],
20 silly audit   'get-intrinsic': [ '1.3.0' ],
20 silly audit   'get-proto': [ '1.0.1' ],
20 silly audit   glob: [ '7.2.3' ],
20 silly audit   gopd: [ '1.2.0' ],
20 silly audit   'graceful-fs': [ '4.2.11' ],
20 silly audit   'has-symbols': [ '1.1.0' ],
20 silly audit   hasown: [ '2.0.4' ],
20 silly audit   'http-errors': [ '2.0.1' ],
20 silly audit   https: [ '1.0.0' ],
20 silly audit   'iconv-lite': [ '0.4.24' ],
20 silly audit   'idb-keyval': [ '6.3.0' ],
20 silly audit   ieee754: [ '1.2.1' ],
20 silly audit   'image-size': [ '1.2.1' ],
20 silly audit   immediate: [ '3.0.6' ],
20 silly audit   inflight: [ '1.0.6' ],
20 silly audit   inherits: [ '2.0.4' ],
20 silly audit   'ipaddr.js': [ '1.9.1' ],
20 silly audit   'is-core-module': [ '2.16.2' ],
20 silly audit   'is-object': [ '1.0.2' ],
20 silly audit   'is-unsafe': [ '2.0.0' ],
20 silly audit   'is-url': [ '1.2.4' ],
20 silly audit   isarray: [ '1.0.0' ],
20 silly audit   jszip: [ '3.10.1' ],
20 silly audit   lazystream: [ '1.0.1' ],
20 silly audit   lie: [ '3.3.0' ],
20 silly audit   listenercount: [ '1.0.1' ],
20 silly audit   'lodash.defaults': [ '4.2.0' ],
20 silly audit   'lodash.difference': [ '4.5.0' ],
20 silly audit   'lodash.escaperegexp': [ '4.1.2' ],
20 silly audit   'lodash.flatten': [ '4.4.0' ],
20 silly audit   'lodash.groupby': [ '4.6.0' ],
20 silly audit   'lodash.isboolean': [ '3.0.3' ],
20 silly audit   'lodash.isequal': [ '4.5.0' ],
20 silly audit   'lodash.isfunction': [ '3.0.9' ],
20 silly audit   'lodash.isnil': [ '4.0.0' ],
20 silly audit   'lodash.isplainobject': [ '4.0.6' ],
20 silly audit   'lodash.isundefined': [ '3.0.1' ],
20 silly audit   'lodash.union': [ '4.6.0' ],
20 silly audit   'lodash.uniq': [ '4.5.0' ],
20 silly audit   lop: [ '0.4.2' ],
20 silly audit   mammoth: [ '1.12.0' ],
20 silly audit   'math-intrinsics': [ '1.1.0' ],
20 silly audit   'media-typer': [ '0.3.0' ],
20 silly audit   'merge-descriptors': [ '1.0.3' ],
20 silly audit   methods: [ '1.1.2' ],
20 silly audit   mime: [ '1.6.0' ],
20 silly audit   'mime-db': [ '1.52.0' ],
20 silly audit   'mime-types': [ '2.1.35' ],
20 silly audit   minimatch: [ '3.1.5' ],
20 silly audit   minimist: [ '1.2.8' ],
20 silly audit   mkdirp: [ '0.5.6' ],
20 silly audit   'module-not-found-error': [ '1.0.1' ],
20 silly audit   ms: [ '2.0.0', '2.1.3' ],
20 silly audit   multer: [ '2.2.0' ],
20 silly audit   negotiator: [ '0.6.3' ],
20 silly audit   'node-fetch': [ '2.7.0' ],
20 silly audit   'normalize-path': [ '3.0.0' ],
20 silly audit   'object-assign': [ '4.1.1' ],
20 silly audit   'object-inspect': [ '1.13.4' ],
20 silly audit   'on-finished': [ '2.4.1' ],
20 silly audit   once: [ '1.4.0' ],
20 silly audit   'opencollective-postinstall': [ '2.0.3' ],
20 silly audit   option: [ '0.2.4' ],
20 silly audit   pako: [ '1.0.11' ],
20 silly audit   parseurl: [ '1.3.3' ],
20 silly audit   'path-expression-matcher': [ '1.6.2' ],
20 silly audit   'path-is-absolute': [ '1.0.1' ],
20 silly audit   'path-parse': [ '1.0.7' ],
20 silly audit   'path-to-regexp': [ '0.1.13' ],
20 silly audit   'pdfjs-dist': [ '6.1.200' ],
20 silly audit   'pptx-svg': [ '0.6.4' ],
20 silly audit   pptxgenjs: [ '4.0.1' ],
20 silly audit   'process-nextick-args': [ '2.0.1' ],
20 silly audit   'proxy-addr': [ '2.0.7' ],
20 silly audit   proxyquire: [ '2.1.3' ],
20 silly audit   qs: [ '6.15.3' ],
20 silly audit   queue: [ '6.0.2' ],
20 silly audit   'range-parser': [ '1.2.1' ],
20 silly audit   'raw-body': [ '2.5.3' ],
20 silly audit   'safe-buffer': [ '5.1.2', '5.2.1' ],
20 silly audit   'regenerator-runtime': [ '0.13.11' ],
20 silly audit   resolve: [ '1.22.12' ],
20 silly audit   rimraf: [ '2.7.1' ],
20 silly audit   'safer-buffer': [ '2.1.2' ],
20 silly audit   saxes: [ '5.0.1' ],
20 silly audit   send: [ '0.19.2' ],
20 silly audit   'serve-static': [ '1.16.3' ],
20 silly audit   setimmediate: [ '1.0.5' ],
20 silly audit   setprototypeof: [ '1.2.0' ],
20 silly audit   'side-channel': [ '1.1.1' ],
20 silly audit   'side-channel-list': [ '1.0.1' ],
20 silly audit   'side-channel-map': [ '1.0.1' ],
20 silly audit   'side-channel-weakmap': [ '1.0.2' ],
20 silly audit   'sprintf-js': [ '1.0.3' ],
20 silly audit   statuses: [ '2.0.2' ],
20 silly audit   streamsearch: [ '1.1.0' ],
20 silly audit   string_decoder: [ '1.1.1' ],
20 silly audit   strnum: [ '2.4.1' ],
20 silly audit   'supports-preserve-symlinks-flag': [ '1.0.0' ],
20 silly audit   'tar-stream': [ '2.2.0' ],
20 silly audit   'tesseract.js': [ '7.0.0' ],
20 silly audit   'tesseract.js-core': [ '7.0.0' ],
20 silly audit   tmp: [ '0.2.7' ],
20 silly audit   toidentifier: [ '1.0.1' ],
20 silly audit   tr46: [ '0.0.3' ],
20 silly audit   traverse: [ '0.3.9' ],
20 silly audit   'type-is': [ '1.6.18' ],
20 silly audit   typedarray: [ '0.0.6' ],
20 silly audit   underscore: [ '1.13.8' ],
20 silly audit   'undici-types': [ '6.21.0' ],
20 silly audit   unpipe: [ '1.0.0' ],
20 silly audit   unzipper: [ '0.10.14' ],
20 silly audit   'util-deprecate': [ '1.0.2' ],
20 silly audit   'utils-merge': [ '1.0.1' ],
20 silly audit   vary: [ '1.1.2' ],
20 silly audit   'wasm-feature-detect': [ '1.8.0' ],
20 silly audit   'webidl-conversions': [ '3.0.1' ],
20 silly audit   'whatwg-url': [ '5.0.0' ],
20 silly audit   wrappy: [ '1.0.2' ],
20 silly audit   'xml-naming': [ '0.3.0' ],
20 silly audit   xmlbuilder: [ '10.1.1' ],
20 silly audit   xmlchars: [ '2.2.0' ],
20 silly audit   'zip-stream': [ '3.0.1' ],
20 silly audit   zlibjs: [ '0.3.1' ],
20 silly audit   '@cloudflare/containers': [ '0.3.7' ]
20 silly audit }
21 http cache @cloudflare/containers@https://registry.npmjs.org/@cloudflare/containers/-/containers-0.3.7.tgz 0ms (cache hit)
22 silly tarball no local data for @cloudflare/containers@https://registry.npmjs.org/@cloudflare/containers/-/containers-0.3.7.tgz. Extracting by manifest.
23 http fetch GET 200 https://registry.npmjs.org/npm 679ms
24 http fetch POST 200 https://registry.npmjs.org/-/npm/v1/security/advisories/bulk 294ms
25 silly audit report {
25 silly audit report   uuid: [
25 silly audit report     {
25 silly audit report       id: 1119441,
25 silly audit report       url: 'https://github.com/advisories/GHSA-w5hq-g745-h8pq',
25 silly audit report       title: 'uuid: Missing buffer bounds check in v3/v5/v6 when buf is provided',
25 silly audit report       severity: 'moderate',
25 silly audit report       vulnerable_versions: '<11.1.1',
25 silly audit report       cwe: [Array],
25 silly audit report       cvss: [Object]
25 silly audit report     }
25 silly audit report   ]
25 silly audit report }
26 silly packumentCache corgi:https://registry.npmjs.org/uuid cache-miss
27 http fetch GET 200 https://registry.npmjs.org/uuid 57ms (cache miss)
28 silly packumentCache corgi:https://registry.npmjs.org/uuid set size:undefined disposed:false
29 silly packumentCache corgi:https://registry.npmjs.org/exceljs cache-miss
30 http fetch GET 200 https://registry.npmjs.org/exceljs 430ms (cache miss)
31 silly packumentCache corgi:https://registry.npmjs.org/exceljs set size:undefined disposed:false
32 http fetch GET 200 https://registry.npmjs.org/@cloudflare/containers/-/containers-0.3.7.tgz 1036ms (cache miss)
33 silly ADD node_modules/@cloudflare/containers
34 verbose cwd D:\Personal Projects\Eduin
35 verbose os Windows_NT 10.0.26200
36 verbose node v24.14.1
37 verbose npm  v11.13.0
38 notice
38 notice New minor version of npm available! 11.13.0 -> 11.18.0
38 notice Changelog: https://github.com/npm/cli/releases/tag/v11.18.0
38 notice To update run: npm install -g npm@11.18.0
38 notice  { force: true, Symbol(proc-log.meta): true }
39 verbose exit 0
40 info ok
